[debug] [2021-06-27T16:21:42.676Z] ----------------------------------------------------------------------
[debug] [2021-06-27T16:21:42.677Z] Command:       D:\Program Files\nodejs\node.exe C:\Users\Ifeanyi\AppData\Roaming\npm\node_modules\firebase-tools\lib\bin\firebase.js init
[debug] [2021-06-27T16:21:42.678Z] CLI Version:   9.14.0
[debug] [2021-06-27T16:21:42.678Z] Platform:      win32
[debug] [2021-06-27T16:21:42.678Z] Node Version:  v14.16.0
[debug] [2021-06-27T16:21:42.679Z] Time:          Sun Jun 27 2021 17:21:42 GMT+0100 (British Summer Time)
[debug] [2021-06-27T16:21:42.680Z] ----------------------------------------------------------------------
[debug] 
[debug] [2021-06-27T16:21:42.686Z] > command requires scopes: ["email","openid","https://www.googleapis.com/auth/cloudplatformprojects.readonly","https://www.googleapis.com/auth/firebase","https://www.googleapis.com/auth/cloud-platform"]
[debug] [2021-06-27T16:21:42.687Z] > authorizing via signed-in user (iopara2002@gmail.com)
[info] 
     ######## #### ########  ######## ########     ###     ######  ########
     ##        ##  ##     ## ##       ##     ##  ##   ##  ##       ##
     ######    ##  ########  ######   ########  #########  ######  ######
     ##        ##  ##    ##  ##       ##     ## ##     ##       ## ##
     ##       #### ##     ## ######## ########  ##     ##  ######  ########

You're about to initialize a Firebase project in this directory:

  C:\xampp\htdocs\lsAPP

Before we get started, keep in mind:

  * You are currently outside your home directory

[info] 
=== Project Setup
[info] 
[info] First, let's associate this project directory with a Firebase project.
[info] You can create multiple project aliases by running firebase use --add, 
[info] but for now we'll just set up a default project.
[info] 
[debug] [2021-06-27T16:23:38.747Z] >>> [apiv2][query] GET https://firebase.googleapis.com/v1beta1/projects pageSize=100
[debug] [2021-06-27T16:23:39.064Z] <<< [apiv2][status] GET https://firebase.googleapis.com/v1beta1/projects 200
[debug] [2021-06-27T16:23:39.064Z] <<< [apiv2][body] GET https://firebase.googleapis.com/v1beta1/projects [omitted]
[info] i  Using project laravelsocialmediaapp (LaravelSocialMediaApp) 
[info] 
=== Hosting Setup
[info] 
[info] Your public directory is the folder (relative to your project directory) that
[info] will contain Hosting assets to be uploaded with firebase deploy. If you
[info] have a build process for your assets, use your build's output directory.
[info] 
